2018-09-20 14:30:52,823 - Log4JLogChute initialized using file 'velocity.log'
2018-09-20 14:30:52,823 - Initializing Velocity, Calling init()...
2018-09-20 14:30:52,823 - Starting Apache Velocity v1.7 (compiled: 2010-11-19 12:14:37)
2018-09-20 14:30:52,823 - Default Properties File: org\apache\velocity\runtime\defaults\velocity.properties
2018-09-20 14:30:52,823 - Trying to use logger class org.apache.velocity.runtime.log.AvalonLogChute
2018-09-20 14:30:52,823 - Target log system for org.apache.velocity.runtime.log.AvalonLogChute is not available (java.lang.NoClassDefFoundError: org/apache/log/format/Formatter).  Falling back to next log system...
2018-09-20 14:30:52,823 - Trying to use logger class org.apache.velocity.runtime.log.Log4JLogChute
2018-09-20 14:30:52,824 - Using logger class org.apache.velocity.runtime.log.Log4JLogChute
2018-09-20 14:30:52,831 - ResourceLoader instantiated: org.apache.velocity.runtime.resource.loader.ClasspathResourceLoader
2018-09-20 14:30:52,850 - ResourceCache: initialized (class org.apache.velocity.runtime.resource.ResourceCacheImpl) with class java.util.Collections$SynchronizedMap cache map.
2018-09-20 14:30:52,852 - Loaded System Directive: org.apache.velocity.runtime.directive.Stop
2018-09-20 14:30:52,854 - Loaded System Directive: org.apache.velocity.runtime.directive.Define
2018-09-20 14:30:52,855 - Loaded System Directive: org.apache.velocity.runtime.directive.Break
2018-09-20 14:30:52,856 - Loaded System Directive: org.apache.velocity.runtime.directive.Evaluate
2018-09-20 14:30:52,856 - Loaded System Directive: org.apache.velocity.runtime.directive.Literal
2018-09-20 14:30:52,858 - Loaded System Directive: org.apache.velocity.runtime.directive.Macro
2018-09-20 14:30:52,859 - Loaded System Directive: org.apache.velocity.runtime.directive.Parse
2018-09-20 14:30:52,861 - Loaded System Directive: org.apache.velocity.runtime.directive.Include
2018-09-20 14:30:52,862 - Loaded System Directive: org.apache.velocity.runtime.directive.Foreach
2018-09-20 14:30:52,904 - Created '20' parsers.
2018-09-20 14:30:52,910 - Velocimacro : "velocimacro.library" is not set.  Trying default library: VM_global_library.vm
2018-09-20 14:30:52,911 - Could not load resource 'VM_global_library.vm' from ResourceLoader org.apache.velocity.runtime.resource.loader.ClasspathResourceLoader: ClasspathResourceLoader Error: cannot find resource VM_global_library.vm
2018-09-20 14:30:52,911 - Velocimacro : Default library not found.
2018-09-20 14:30:52,911 - Velocimacro : allowInline = true : VMs can be defined inline in templates
2018-09-20 14:30:52,911 - Velocimacro : allowInlineToOverride = false : VMs defined inline may NOT replace previous VM definitions
2018-09-20 14:30:52,911 - Velocimacro : allowInlineLocal = false : VMs defined inline will be global in scope if allowed.
2018-09-20 14:30:52,911 - Velocimacro : autoload off : VM system will not automatically reload global library macros
2018-09-20 14:30:52,941 - ResourceManager : found /templates/entity.java.vm with loader org.apache.velocity.runtime.resource.loader.ClasspathResourceLoader
2018-09-20 14:30:52,955 - Left side (${versionFieldName}) of '==' operation has null value. If it is a reference, it may not be in the context or its toString() returned null. /templates/entity.java.vm[line 72, column 26]
2018-09-20 14:30:52,955 - Left side (${logicDeleteFieldName}) of '==' operation has null value. If it is a reference, it may not be in the context or its toString() returned null. /templates/entity.java.vm[line 76, column 30]
2018-09-20 14:30:52,955 - Left side (${versionFieldName}) of '==' operation has null value. If it is a reference, it may not be in the context or its toString() returned null. /templates/entity.java.vm[line 72, column 26]
2018-09-20 14:30:52,956 - Left side (${logicDeleteFieldName}) of '==' operation has null value. If it is a reference, it may not be in the context or its toString() returned null. /templates/entity.java.vm[line 76, column 30]
2018-09-20 14:30:52,956 - Left side (${versionFieldName}) of '==' operation has null value. If it is a reference, it may not be in the context or its toString() returned null. /templates/entity.java.vm[line 72, column 26]
2018-09-20 14:30:52,956 - Left side (${logicDeleteFieldName}) of '==' operation has null value. If it is a reference, it may not be in the context or its toString() returned null. /templates/entity.java.vm[line 76, column 30]
2018-09-20 14:30:52,956 - Left side (${versionFieldName}) of '==' operation has null value. If it is a reference, it may not be in the context or its toString() returned null. /templates/entity.java.vm[line 72, column 26]
2018-09-20 14:30:52,956 - Left side (${logicDeleteFieldName}) of '==' operation has null value. If it is a reference, it may not be in the context or its toString() returned null. /templates/entity.java.vm[line 76, column 30]
2018-09-20 14:30:52,957 - Left side (${versionFieldName}) of '==' operation has null value. If it is a reference, it may not be in the context or its toString() returned null. /templates/entity.java.vm[line 72, column 26]
2018-09-20 14:30:52,957 - Left side (${logicDeleteFieldName}) of '==' operation has null value. If it is a reference, it may not be in the context or its toString() returned null. /templates/entity.java.vm[line 76, column 30]
2018-09-20 14:30:52,957 - Left side (${versionFieldName}) of '==' operation has null value. If it is a reference, it may not be in the context or its toString() returned null. /templates/entity.java.vm[line 72, column 26]
2018-09-20 14:30:52,957 - Left side (${logicDeleteFieldName}) of '==' operation has null value. If it is a reference, it may not be in the context or its toString() returned null. /templates/entity.java.vm[line 76, column 30]
2018-09-20 14:30:52,959 - Left side (${versionFieldName}) of '==' operation has null value. If it is a reference, it may not be in the context or its toString() returned null. /templates/entity.java.vm[line 72, column 26]
2018-09-20 14:30:52,959 - Left side (${logicDeleteFieldName}) of '==' operation has null value. If it is a reference, it may not be in the context or its toString() returned null. /templates/entity.java.vm[line 76, column 30]
2018-09-20 14:30:52,988 - ResourceManager : found /templates/mapper.java.vm with loader org.apache.velocity.runtime.resource.loader.ClasspathResourceLoader
2018-09-20 14:30:52,997 - ResourceManager : found /templates/service.java.vm with loader org.apache.velocity.runtime.resource.loader.ClasspathResourceLoader
2018-09-20 14:30:53,007 - ResourceManager : found /templates/serviceImpl.java.vm with loader org.apache.velocity.runtime.resource.loader.ClasspathResourceLoader
2018-09-20 14:30:53,017 - ResourceManager : found /templates/controller.java.vm with loader org.apache.velocity.runtime.resource.loader.ClasspathResourceLoader
2018-09-20 14:30:53,027 - ResourceManager : found /templates/mapper.xml.vm with loader org.apache.velocity.runtime.resource.loader.ClasspathResourceLoader
2018-09-20 17:24:15,762 - Log4JLogChute initialized using file 'velocity.log'
2018-09-20 17:24:15,773 - Initializing Velocity, Calling init()...
2018-09-20 17:24:15,774 - Starting Apache Velocity v1.7 (compiled: 2010-11-19 12:14:37)
2018-09-20 17:24:15,774 - Default Properties File: org\apache\velocity\runtime\defaults\velocity.properties
2018-09-20 17:24:15,774 - Trying to use logger class org.apache.velocity.runtime.log.AvalonLogChute
2018-09-20 17:24:15,774 - Target log system for org.apache.velocity.runtime.log.AvalonLogChute is not available (java.lang.NoClassDefFoundError: org/apache/log/format/Formatter).  Falling back to next log system...
2018-09-20 17:24:15,774 - Trying to use logger class org.apache.velocity.runtime.log.Log4JLogChute
2018-09-20 17:24:15,774 - Using logger class org.apache.velocity.runtime.log.Log4JLogChute
2018-09-20 17:24:15,776 - ResourceLoader instantiated: org.apache.velocity.runtime.resource.loader.ClasspathResourceLoader
2018-09-20 17:24:15,783 - ResourceCache: initialized (class org.apache.velocity.runtime.resource.ResourceCacheImpl) with class java.util.Collections$SynchronizedMap cache map.
2018-09-20 17:24:15,785 - Loaded System Directive: org.apache.velocity.runtime.directive.Stop
2018-09-20 17:24:15,786 - Loaded System Directive: org.apache.velocity.runtime.directive.Define
2018-09-20 17:24:15,787 - Loaded System Directive: org.apache.velocity.runtime.directive.Break
2018-09-20 17:24:15,788 - Loaded System Directive: org.apache.velocity.runtime.directive.Evaluate
2018-09-20 17:24:15,788 - Loaded System Directive: org.apache.velocity.runtime.directive.Literal
2018-09-20 17:24:15,790 - Loaded System Directive: org.apache.velocity.runtime.directive.Macro
2018-09-20 17:24:15,791 - Loaded System Directive: org.apache.velocity.runtime.directive.Parse
2018-09-20 17:24:15,792 - Loaded System Directive: org.apache.velocity.runtime.directive.Include
2018-09-20 17:24:15,792 - Loaded System Directive: org.apache.velocity.runtime.directive.Foreach
2018-09-20 17:24:15,811 - Created '20' parsers.
2018-09-20 17:24:15,815 - Velocimacro : "velocimacro.library" is not set.  Trying default library: VM_global_library.vm
2018-09-20 17:24:15,815 - Could not load resource 'VM_global_library.vm' from ResourceLoader org.apache.velocity.runtime.resource.loader.ClasspathResourceLoader: ClasspathResourceLoader Error: cannot find resource VM_global_library.vm
2018-09-20 17:24:15,815 - Velocimacro : Default library not found.
2018-09-20 17:24:15,815 - Velocimacro : allowInline = true : VMs can be defined inline in templates
2018-09-20 17:24:15,815 - Velocimacro : allowInlineToOverride = false : VMs defined inline may NOT replace previous VM definitions
2018-09-20 17:24:15,815 - Velocimacro : allowInlineLocal = false : VMs defined inline will be global in scope if allowed.
2018-09-20 17:24:15,816 - Velocimacro : autoload off : VM system will not automatically reload global library macros
2018-09-20 17:24:15,833 - ResourceManager : found /templates/entity.java.vm with loader org.apache.velocity.runtime.resource.loader.ClasspathResourceLoader
2018-09-20 17:24:15,842 - Left side (${versionFieldName}) of '==' operation has null value. If it is a reference, it may not be in the context or its toString() returned null. /templates/entity.java.vm[line 72, column 26]
2018-09-20 17:24:15,842 - Left side (${logicDeleteFieldName}) of '==' operation has null value. If it is a reference, it may not be in the context or its toString() returned null. /templates/entity.java.vm[line 76, column 30]
2018-09-20 17:24:15,842 - Left side (${versionFieldName}) of '==' operation has null value. If it is a reference, it may not be in the context or its toString() returned null. /templates/entity.java.vm[line 72, column 26]
2018-09-20 17:24:15,842 - Left side (${logicDeleteFieldName}) of '==' operation has null value. If it is a reference, it may not be in the context or its toString() returned null. /templates/entity.java.vm[line 76, column 30]
2018-09-20 17:24:15,843 - Left side (${versionFieldName}) of '==' operation has null value. If it is a reference, it may not be in the context or its toString() returned null. /templates/entity.java.vm[line 72, column 26]
2018-09-20 17:24:15,843 - Left side (${logicDeleteFieldName}) of '==' operation has null value. If it is a reference, it may not be in the context or its toString() returned null. /templates/entity.java.vm[line 76, column 30]
2018-09-20 17:24:15,843 - Left side (${versionFieldName}) of '==' operation has null value. If it is a reference, it may not be in the context or its toString() returned null. /templates/entity.java.vm[line 72, column 26]
2018-09-20 17:24:15,843 - Left side (${logicDeleteFieldName}) of '==' operation has null value. If it is a reference, it may not be in the context or its toString() returned null. /templates/entity.java.vm[line 76, column 30]
2018-09-20 17:24:15,843 - Left side (${versionFieldName}) of '==' operation has null value. If it is a reference, it may not be in the context or its toString() returned null. /templates/entity.java.vm[line 72, column 26]
2018-09-20 17:24:15,843 - Left side (${logicDeleteFieldName}) of '==' operation has null value. If it is a reference, it may not be in the context or its toString() returned null. /templates/entity.java.vm[line 76, column 30]
2018-09-20 17:24:15,862 - ResourceManager : found /templates/mapper.java.vm with loader org.apache.velocity.runtime.resource.loader.ClasspathResourceLoader
2018-09-20 17:24:15,868 - ResourceManager : found /templates/service.java.vm with loader org.apache.velocity.runtime.resource.loader.ClasspathResourceLoader
2018-09-20 17:24:15,876 - ResourceManager : found /templates/serviceImpl.java.vm with loader org.apache.velocity.runtime.resource.loader.ClasspathResourceLoader
2018-09-20 17:24:15,885 - ResourceManager : found /templates/controller.java.vm with loader org.apache.velocity.runtime.resource.loader.ClasspathResourceLoader
2018-09-20 17:24:15,894 - ResourceManager : found /templates/mapper.xml.vm with loader org.apache.velocity.runtime.resource.loader.ClasspathResourceLoader
2018-09-20 17:24:25,657 - Log4JLogChute initialized using file 'velocity.log'
2018-09-20 17:24:25,658 - Initializing Velocity, Calling init()...
2018-09-20 17:24:25,658 - Starting Apache Velocity v1.7 (compiled: 2010-11-19 12:14:37)
2018-09-20 17:24:25,658 - Default Properties File: org\apache\velocity\runtime\defaults\velocity.properties
2018-09-20 17:24:25,658 - Trying to use logger class org.apache.velocity.runtime.log.AvalonLogChute
2018-09-20 17:24:25,658 - Target log system for org.apache.velocity.runtime.log.AvalonLogChute is not available (java.lang.NoClassDefFoundError: org/apache/log/format/Formatter).  Falling back to next log system...
2018-09-20 17:24:25,658 - Trying to use logger class org.apache.velocity.runtime.log.Log4JLogChute
2018-09-20 17:24:25,658 - Using logger class org.apache.velocity.runtime.log.Log4JLogChute
2018-09-20 17:24:25,661 - ResourceLoader instantiated: org.apache.velocity.runtime.resource.loader.ClasspathResourceLoader
2018-09-20 17:24:25,673 - ResourceCache: initialized (class org.apache.velocity.runtime.resource.ResourceCacheImpl) with class java.util.Collections$SynchronizedMap cache map.
2018-09-20 17:24:25,674 - Loaded System Directive: org.apache.velocity.runtime.directive.Stop
2018-09-20 17:24:25,675 - Loaded System Directive: org.apache.velocity.runtime.directive.Define
2018-09-20 17:24:25,675 - Loaded System Directive: org.apache.velocity.runtime.directive.Break
2018-09-20 17:24:25,676 - Loaded System Directive: org.apache.velocity.runtime.directive.Evaluate
2018-09-20 17:24:25,677 - Loaded System Directive: org.apache.velocity.runtime.directive.Literal
2018-09-20 17:24:25,677 - Loaded System Directive: org.apache.velocity.runtime.directive.Macro
2018-09-20 17:24:25,678 - Loaded System Directive: org.apache.velocity.runtime.directive.Parse
2018-09-20 17:24:25,679 - Loaded System Directive: org.apache.velocity.runtime.directive.Include
2018-09-20 17:24:25,679 - Loaded System Directive: org.apache.velocity.runtime.directive.Foreach
2018-09-20 17:24:25,701 - Created '20' parsers.
2018-09-20 17:24:25,705 - Velocimacro : "velocimacro.library" is not set.  Trying default library: VM_global_library.vm
2018-09-20 17:24:25,705 - Could not load resource 'VM_global_library.vm' from ResourceLoader org.apache.velocity.runtime.resource.loader.ClasspathResourceLoader: ClasspathResourceLoader Error: cannot find resource VM_global_library.vm
2018-09-20 17:24:25,705 - Velocimacro : Default library not found.
2018-09-20 17:24:25,705 - Velocimacro : allowInline = true : VMs can be defined inline in templates
2018-09-20 17:24:25,705 - Velocimacro : allowInlineToOverride = false : VMs defined inline may NOT replace previous VM definitions
2018-09-20 17:24:25,705 - Velocimacro : allowInlineLocal = false : VMs defined inline will be global in scope if allowed.
2018-09-20 17:24:25,705 - Velocimacro : autoload off : VM system will not automatically reload global library macros
2018-09-20 17:24:25,722 - ResourceManager : found /templates/entity.java.vm with loader org.apache.velocity.runtime.resource.loader.ClasspathResourceLoader
2018-09-20 17:24:25,730 - Left side (${versionFieldName}) of '==' operation has null value. If it is a reference, it may not be in the context or its toString() returned null. /templates/entity.java.vm[line 72, column 26]
2018-09-20 17:24:25,730 - Left side (${logicDeleteFieldName}) of '==' operation has null value. If it is a reference, it may not be in the context or its toString() returned null. /templates/entity.java.vm[line 76, column 30]
2018-09-20 17:24:25,730 - Left side (${versionFieldName}) of '==' operation has null value. If it is a reference, it may not be in the context or its toString() returned null. /templates/entity.java.vm[line 72, column 26]
2018-09-20 17:24:25,730 - Left side (${logicDeleteFieldName}) of '==' operation has null value. If it is a reference, it may not be in the context or its toString() returned null. /templates/entity.java.vm[line 76, column 30]
2018-09-20 17:24:25,730 - Left side (${versionFieldName}) of '==' operation has null value. If it is a reference, it may not be in the context or its toString() returned null. /templates/entity.java.vm[line 72, column 26]
2018-09-20 17:24:25,730 - Left side (${logicDeleteFieldName}) of '==' operation has null value. If it is a reference, it may not be in the context or its toString() returned null. /templates/entity.java.vm[line 76, column 30]
2018-09-20 17:24:25,730 - Left side (${versionFieldName}) of '==' operation has null value. If it is a reference, it may not be in the context or its toString() returned null. /templates/entity.java.vm[line 72, column 26]
2018-09-20 17:24:25,731 - Left side (${logicDeleteFieldName}) of '==' operation has null value. If it is a reference, it may not be in the context or its toString() returned null. /templates/entity.java.vm[line 76, column 30]
2018-09-20 17:24:25,731 - Left side (${versionFieldName}) of '==' operation has null value. If it is a reference, it may not be in the context or its toString() returned null. /templates/entity.java.vm[line 72, column 26]
2018-09-20 17:24:25,731 - Left side (${logicDeleteFieldName}) of '==' operation has null value. If it is a reference, it may not be in the context or its toString() returned null. /templates/entity.java.vm[line 76, column 30]
2018-09-20 17:24:25,744 - ResourceManager : found /templates/mapper.java.vm with loader org.apache.velocity.runtime.resource.loader.ClasspathResourceLoader
2018-09-20 17:24:25,764 - ResourceManager : found /templates/service.java.vm with loader org.apache.velocity.runtime.resource.loader.ClasspathResourceLoader
2018-09-20 17:24:25,771 - ResourceManager : found /templates/serviceImpl.java.vm with loader org.apache.velocity.runtime.resource.loader.ClasspathResourceLoader
2018-09-20 17:24:25,780 - ResourceManager : found /templates/controller.java.vm with loader org.apache.velocity.runtime.resource.loader.ClasspathResourceLoader
2018-09-20 17:24:25,792 - ResourceManager : found /templates/mapper.xml.vm with loader org.apache.velocity.runtime.resource.loader.ClasspathResourceLoader
2018-09-25 16:07:00,347 - Log4JLogChute initialized using file 'velocity.log'
2018-09-25 16:07:00,348 - Initializing Velocity, Calling init()...
2018-09-25 16:07:00,348 - Starting Apache Velocity v1.7 (compiled: 2010-11-19 12:14:37)
2018-09-25 16:07:00,348 - Default Properties File: org\apache\velocity\runtime\defaults\velocity.properties
2018-09-25 16:07:00,348 - Trying to use logger class org.apache.velocity.runtime.log.AvalonLogChute
2018-09-25 16:07:00,348 - Target log system for org.apache.velocity.runtime.log.AvalonLogChute is not available (java.lang.NoClassDefFoundError: org/apache/log/format/Formatter).  Falling back to next log system...
2018-09-25 16:07:00,348 - Trying to use logger class org.apache.velocity.runtime.log.Log4JLogChute
2018-09-25 16:07:00,348 - Using logger class org.apache.velocity.runtime.log.Log4JLogChute
2018-09-25 16:07:00,350 - ResourceLoader instantiated: org.apache.velocity.runtime.resource.loader.ClasspathResourceLoader
2018-09-25 16:07:00,360 - ResourceCache: initialized (class org.apache.velocity.runtime.resource.ResourceCacheImpl) with class java.util.Collections$SynchronizedMap cache map.
2018-09-25 16:07:00,361 - Loaded System Directive: org.apache.velocity.runtime.directive.Stop
2018-09-25 16:07:00,363 - Loaded System Directive: org.apache.velocity.runtime.directive.Define
2018-09-25 16:07:00,363 - Loaded System Directive: org.apache.velocity.runtime.directive.Break
2018-09-25 16:07:00,364 - Loaded System Directive: org.apache.velocity.runtime.directive.Evaluate
2018-09-25 16:07:00,364 - Loaded System Directive: org.apache.velocity.runtime.directive.Literal
2018-09-25 16:07:00,365 - Loaded System Directive: org.apache.velocity.runtime.directive.Macro
2018-09-25 16:07:00,365 - Loaded System Directive: org.apache.velocity.runtime.directive.Parse
2018-09-25 16:07:00,366 - Loaded System Directive: org.apache.velocity.runtime.directive.Include
2018-09-25 16:07:00,367 - Loaded System Directive: org.apache.velocity.runtime.directive.Foreach
2018-09-25 16:07:00,390 - Created '20' parsers.
2018-09-25 16:07:00,395 - Velocimacro : "velocimacro.library" is not set.  Trying default library: VM_global_library.vm
2018-09-25 16:07:00,395 - Could not load resource 'VM_global_library.vm' from ResourceLoader org.apache.velocity.runtime.resource.loader.ClasspathResourceLoader: ClasspathResourceLoader Error: cannot find resource VM_global_library.vm
2018-09-25 16:07:00,395 - Velocimacro : Default library not found.
2018-09-25 16:07:00,395 - Velocimacro : allowInline = true : VMs can be defined inline in templates
2018-09-25 16:07:00,395 - Velocimacro : allowInlineToOverride = false : VMs defined inline may NOT replace previous VM definitions
2018-09-25 16:07:00,395 - Velocimacro : allowInlineLocal = false : VMs defined inline will be global in scope if allowed.
2018-09-25 16:07:00,395 - Velocimacro : autoload off : VM system will not automatically reload global library macros
2018-09-25 16:07:00,418 - ResourceManager : found /templates/entity.java.vm with loader org.apache.velocity.runtime.resource.loader.ClasspathResourceLoader
2018-09-25 16:07:00,431 - Left side (${versionFieldName}) of '==' operation has null value. If it is a reference, it may not be in the context or its toString() returned null. /templates/entity.java.vm[line 72, column 26]
2018-09-25 16:07:00,431 - Left side (${logicDeleteFieldName}) of '==' operation has null value. If it is a reference, it may not be in the context or its toString() returned null. /templates/entity.java.vm[line 76, column 30]
2018-09-25 16:07:00,431 - Left side (${versionFieldName}) of '==' operation has null value. If it is a reference, it may not be in the context or its toString() returned null. /templates/entity.java.vm[line 72, column 26]
2018-09-25 16:07:00,431 - Left side (${logicDeleteFieldName}) of '==' operation has null value. If it is a reference, it may not be in the context or its toString() returned null. /templates/entity.java.vm[line 76, column 30]
2018-09-25 16:07:00,431 - Left side (${versionFieldName}) of '==' operation has null value. If it is a reference, it may not be in the context or its toString() returned null. /templates/entity.java.vm[line 72, column 26]
2018-09-25 16:07:00,431 - Left side (${logicDeleteFieldName}) of '==' operation has null value. If it is a reference, it may not be in the context or its toString() returned null. /templates/entity.java.vm[line 76, column 30]
2018-09-25 16:07:00,432 - Left side (${versionFieldName}) of '==' operation has null value. If it is a reference, it may not be in the context or its toString() returned null. /templates/entity.java.vm[line 72, column 26]
2018-09-25 16:07:00,432 - Left side (${logicDeleteFieldName}) of '==' operation has null value. If it is a reference, it may not be in the context or its toString() returned null. /templates/entity.java.vm[line 76, column 30]
2018-09-25 16:07:00,432 - Left side (${versionFieldName}) of '==' operation has null value. If it is a reference, it may not be in the context or its toString() returned null. /templates/entity.java.vm[line 72, column 26]
2018-09-25 16:07:00,432 - Left side (${logicDeleteFieldName}) of '==' operation has null value. If it is a reference, it may not be in the context or its toString() returned null. /templates/entity.java.vm[line 76, column 30]
2018-09-25 16:07:00,432 - Left side (${versionFieldName}) of '==' operation has null value. If it is a reference, it may not be in the context or its toString() returned null. /templates/entity.java.vm[line 72, column 26]
2018-09-25 16:07:00,432 - Left side (${logicDeleteFieldName}) of '==' operation has null value. If it is a reference, it may not be in the context or its toString() returned null. /templates/entity.java.vm[line 76, column 30]
2018-09-25 16:07:00,435 - Left side (${versionFieldName}) of '==' operation has null value. If it is a reference, it may not be in the context or its toString() returned null. /templates/entity.java.vm[line 72, column 26]
2018-09-25 16:07:00,435 - Left side (${logicDeleteFieldName}) of '==' operation has null value. If it is a reference, it may not be in the context or its toString() returned null. /templates/entity.java.vm[line 76, column 30]
2018-09-25 16:07:00,436 - Left side (${versionFieldName}) of '==' operation has null value. If it is a reference, it may not be in the context or its toString() returned null. /templates/entity.java.vm[line 72, column 26]
2018-09-25 16:07:00,436 - Left side (${logicDeleteFieldName}) of '==' operation has null value. If it is a reference, it may not be in the context or its toString() returned null. /templates/entity.java.vm[line 76, column 30]
2018-09-25 16:07:00,436 - Left side (${versionFieldName}) of '==' operation has null value. If it is a reference, it may not be in the context or its toString() returned null. /templates/entity.java.vm[line 72, column 26]
2018-09-25 16:07:00,436 - Left side (${logicDeleteFieldName}) of '==' operation has null value. If it is a reference, it may not be in the context or its toString() returned null. /templates/entity.java.vm[line 76, column 30]
2018-09-25 16:07:00,436 - Left side (${versionFieldName}) of '==' operation has null value. If it is a reference, it may not be in the context or its toString() returned null. /templates/entity.java.vm[line 72, column 26]
2018-09-25 16:07:00,437 - Left side (${logicDeleteFieldName}) of '==' operation has null value. If it is a reference, it may not be in the context or its toString() returned null. /templates/entity.java.vm[line 76, column 30]
2018-09-25 16:07:00,475 - ResourceManager : found /templates/mapper.java.vm with loader org.apache.velocity.runtime.resource.loader.ClasspathResourceLoader
2018-09-25 16:07:00,489 - ResourceManager : found /templates/service.java.vm with loader org.apache.velocity.runtime.resource.loader.ClasspathResourceLoader
2018-09-25 16:07:00,504 - ResourceManager : found /templates/serviceImpl.java.vm with loader org.apache.velocity.runtime.resource.loader.ClasspathResourceLoader
2018-09-25 16:07:00,513 - ResourceManager : found /templates/controller.java.vm with loader org.apache.velocity.runtime.resource.loader.ClasspathResourceLoader
2018-09-25 16:07:00,526 - ResourceManager : found /templates/mapper.xml.vm with loader org.apache.velocity.runtime.resource.loader.ClasspathResourceLoader
2018-10-11 13:28:45,526 - Log4JLogChute initialized using file 'velocity.log'
2018-10-11 13:28:45,542 - Initializing Velocity, Calling init()...
2018-10-11 13:28:45,542 - Starting Apache Velocity v1.7 (compiled: 2010-11-19 12:14:37)
2018-10-11 13:28:45,542 - Default Properties File: org\apache\velocity\runtime\defaults\velocity.properties
2018-10-11 13:28:45,542 - Trying to use logger class org.apache.velocity.runtime.log.AvalonLogChute
2018-10-11 13:28:45,542 - Target log system for org.apache.velocity.runtime.log.AvalonLogChute is not available (java.lang.NoClassDefFoundError: org/apache/log/format/Formatter).  Falling back to next log system...
2018-10-11 13:28:45,542 - Trying to use logger class org.apache.velocity.runtime.log.Log4JLogChute
2018-10-11 13:28:45,542 - Using logger class org.apache.velocity.runtime.log.Log4JLogChute
2018-10-11 13:28:45,542 - ResourceLoader instantiated: org.apache.velocity.runtime.resource.loader.ClasspathResourceLoader
2018-10-11 13:28:45,604 - ResourceCache: initialized (class org.apache.velocity.runtime.resource.ResourceCacheImpl) with class java.util.Collections$SynchronizedMap cache map.
2018-10-11 13:28:45,604 - Loaded System Directive: org.apache.velocity.runtime.directive.Stop
2018-10-11 13:28:45,604 - Loaded System Directive: org.apache.velocity.runtime.directive.Define
2018-10-11 13:28:45,604 - Loaded System Directive: org.apache.velocity.runtime.directive.Break
2018-10-11 13:28:45,604 - Loaded System Directive: org.apache.velocity.runtime.directive.Evaluate
2018-10-11 13:28:45,604 - Loaded System Directive: org.apache.velocity.runtime.directive.Literal
2018-10-11 13:28:45,604 - Loaded System Directive: org.apache.velocity.runtime.directive.Macro
2018-10-11 13:28:45,604 - Loaded System Directive: org.apache.velocity.runtime.directive.Parse
2018-10-11 13:28:45,604 - Loaded System Directive: org.apache.velocity.runtime.directive.Include
2018-10-11 13:28:45,604 - Loaded System Directive: org.apache.velocity.runtime.directive.Foreach
2018-10-11 13:28:45,651 - Created '20' parsers.
2018-10-11 13:28:45,667 - Velocimacro : "velocimacro.library" is not set.  Trying default library: VM_global_library.vm
2018-10-11 13:28:45,667 - Could not load resource 'VM_global_library.vm' from ResourceLoader org.apache.velocity.runtime.resource.loader.ClasspathResourceLoader: ClasspathResourceLoader Error: cannot find resource VM_global_library.vm
2018-10-11 13:28:45,667 - Velocimacro : Default library not found.
2018-10-11 13:28:45,667 - Velocimacro : allowInline = true : VMs can be defined inline in templates
2018-10-11 13:28:45,667 - Velocimacro : allowInlineToOverride = false : VMs defined inline may NOT replace previous VM definitions
2018-10-11 13:28:45,667 - Velocimacro : allowInlineLocal = false : VMs defined inline will be global in scope if allowed.
2018-10-11 13:28:45,667 - Velocimacro : autoload off : VM system will not automatically reload global library macros
2018-10-11 13:28:45,714 - ResourceManager : found /templates/entity.java.vm with loader org.apache.velocity.runtime.resource.loader.ClasspathResourceLoader
2018-10-11 13:28:45,745 - Left side (${versionFieldName}) of '==' operation has null value. If it is a reference, it may not be in the context or its toString() returned null. /templates/entity.java.vm[line 72, column 26]
2018-10-11 13:28:45,745 - Left side (${logicDeleteFieldName}) of '==' operation has null value. If it is a reference, it may not be in the context or its toString() returned null. /templates/entity.java.vm[line 76, column 30]
2018-10-11 13:28:45,745 - Left side (${versionFieldName}) of '==' operation has null value. If it is a reference, it may not be in the context or its toString() returned null. /templates/entity.java.vm[line 72, column 26]
2018-10-11 13:28:45,745 - Left side (${logicDeleteFieldName}) of '==' operation has null value. If it is a reference, it may not be in the context or its toString() returned null. /templates/entity.java.vm[line 76, column 30]
2018-10-11 13:28:45,745 - Left side (${versionFieldName}) of '==' operation has null value. If it is a reference, it may not be in the context or its toString() returned null. /templates/entity.java.vm[line 72, column 26]
2018-10-11 13:28:45,745 - Left side (${logicDeleteFieldName}) of '==' operation has null value. If it is a reference, it may not be in the context or its toString() returned null. /templates/entity.java.vm[line 76, column 30]
2018-10-11 13:28:45,745 - Left side (${versionFieldName}) of '==' operation has null value. If it is a reference, it may not be in the context or its toString() returned null. /templates/entity.java.vm[line 72, column 26]
2018-10-11 13:28:45,745 - Left side (${logicDeleteFieldName}) of '==' operation has null value. If it is a reference, it may not be in the context or its toString() returned null. /templates/entity.java.vm[line 76, column 30]
2018-10-11 13:28:45,745 - Left side (${versionFieldName}) of '==' operation has null value. If it is a reference, it may not be in the context or its toString() returned null. /templates/entity.java.vm[line 72, column 26]
2018-10-11 13:28:45,745 - Left side (${logicDeleteFieldName}) of '==' operation has null value. If it is a reference, it may not be in the context or its toString() returned null. /templates/entity.java.vm[line 76, column 30]
2018-10-11 13:28:45,745 - Left side (${versionFieldName}) of '==' operation has null value. If it is a reference, it may not be in the context or its toString() returned null. /templates/entity.java.vm[line 72, column 26]
2018-10-11 13:28:45,745 - Left side (${logicDeleteFieldName}) of '==' operation has null value. If it is a reference, it may not be in the context or its toString() returned null. /templates/entity.java.vm[line 76, column 30]
2018-10-11 13:28:45,745 - Left side (${versionFieldName}) of '==' operation has null value. If it is a reference, it may not be in the context or its toString() returned null. /templates/entity.java.vm[line 72, column 26]
2018-10-11 13:28:45,745 - Left side (${logicDeleteFieldName}) of '==' operation has null value. If it is a reference, it may not be in the context or its toString() returned null. /templates/entity.java.vm[line 76, column 30]
2018-10-11 13:28:45,745 - Left side (${versionFieldName}) of '==' operation has null value. If it is a reference, it may not be in the context or its toString() returned null. /templates/entity.java.vm[line 72, column 26]
2018-10-11 13:28:45,745 - Left side (${logicDeleteFieldName}) of '==' operation has null value. If it is a reference, it may not be in the context or its toString() returned null. /templates/entity.java.vm[line 76, column 30]
2018-10-11 13:28:45,745 - Left side (${versionFieldName}) of '==' operation has null value. If it is a reference, it may not be in the context or its toString() returned null. /templates/entity.java.vm[line 72, column 26]
2018-10-11 13:28:45,745 - Left side (${logicDeleteFieldName}) of '==' operation has null value. If it is a reference, it may not be in the context or its toString() returned null. /templates/entity.java.vm[line 76, column 30]
2018-10-11 13:28:45,745 - Left side (${versionFieldName}) of '==' operation has null value. If it is a reference, it may not be in the context or its toString() returned null. /templates/entity.java.vm[line 72, column 26]
2018-10-11 13:28:45,745 - Left side (${logicDeleteFieldName}) of '==' operation has null value. If it is a reference, it may not be in the context or its toString() returned null. /templates/entity.java.vm[line 76, column 30]
2018-10-11 13:28:45,901 - ResourceManager : found /templates/mapper.java.vm with loader org.apache.velocity.runtime.resource.loader.ClasspathResourceLoader
2018-10-11 13:28:45,917 - ResourceManager : found /templates/service.java.vm with loader org.apache.velocity.runtime.resource.loader.ClasspathResourceLoader
2018-10-11 13:28:45,979 - ResourceManager : found /templates/serviceImpl.java.vm with loader org.apache.velocity.runtime.resource.loader.ClasspathResourceLoader
2018-10-11 13:28:45,995 - ResourceManager : found /templates/controller.java.vm with loader org.apache.velocity.runtime.resource.loader.ClasspathResourceLoader
2018-11-12 11:56:13,680 - Log4JLogChute initialized using file 'velocity.log'
2018-11-12 11:56:13,685 - Initializing Velocity, Calling init()...
2018-11-12 11:56:13,685 - Starting Apache Velocity v1.7 (compiled: 2010-11-19 12:14:37)
2018-11-12 11:56:13,685 - Default Properties File: org\apache\velocity\runtime\defaults\velocity.properties
2018-11-12 11:56:13,685 - Trying to use logger class org.apache.velocity.runtime.log.AvalonLogChute
2018-11-12 11:56:13,685 - Target log system for org.apache.velocity.runtime.log.AvalonLogChute is not available (java.lang.NoClassDefFoundError: org/apache/log/format/Formatter).  Falling back to next log system...
2018-11-12 11:56:13,685 - Trying to use logger class org.apache.velocity.runtime.log.Log4JLogChute
2018-11-12 11:56:13,685 - Using logger class org.apache.velocity.runtime.log.Log4JLogChute
2018-11-12 11:56:13,689 - ResourceLoader instantiated: org.apache.velocity.runtime.resource.loader.ClasspathResourceLoader
2018-11-12 11:56:13,700 - ResourceCache: initialized (class org.apache.velocity.runtime.resource.ResourceCacheImpl) with class java.util.Collections$SynchronizedMap cache map.
2018-11-12 11:56:13,702 - Loaded System Directive: org.apache.velocity.runtime.directive.Stop
2018-11-12 11:56:13,702 - Loaded System Directive: org.apache.velocity.runtime.directive.Define
2018-11-12 11:56:13,703 - Loaded System Directive: org.apache.velocity.runtime.directive.Break
2018-11-12 11:56:13,703 - Loaded System Directive: org.apache.velocity.runtime.directive.Evaluate
2018-11-12 11:56:13,704 - Loaded System Directive: org.apache.velocity.runtime.directive.Literal
2018-11-12 11:56:13,704 - Loaded System Directive: org.apache.velocity.runtime.directive.Macro
2018-11-12 11:56:13,705 - Loaded System Directive: org.apache.velocity.runtime.directive.Parse
2018-11-12 11:56:13,706 - Loaded System Directive: org.apache.velocity.runtime.directive.Include
2018-11-12 11:56:13,707 - Loaded System Directive: org.apache.velocity.runtime.directive.Foreach
2018-11-12 11:56:13,740 - Created '20' parsers.
2018-11-12 11:56:13,744 - Velocimacro : "velocimacro.library" is not set.  Trying default library: VM_global_library.vm
2018-11-12 11:56:13,744 - Could not load resource 'VM_global_library.vm' from ResourceLoader org.apache.velocity.runtime.resource.loader.ClasspathResourceLoader: ClasspathResourceLoader Error: cannot find resource VM_global_library.vm
2018-11-12 11:56:13,744 - Velocimacro : Default library not found.
2018-11-12 11:56:13,744 - Velocimacro : allowInline = true : VMs can be defined inline in templates
2018-11-12 11:56:13,744 - Velocimacro : allowInlineToOverride = false : VMs defined inline may NOT replace previous VM definitions
2018-11-12 11:56:13,744 - Velocimacro : allowInlineLocal = false : VMs defined inline will be global in scope if allowed.
2018-11-12 11:56:13,744 - Velocimacro : autoload off : VM system will not automatically reload global library macros
2018-11-12 11:56:13,765 - ResourceManager : found /templates/entity.java.vm with loader org.apache.velocity.runtime.resource.loader.ClasspathResourceLoader
2018-11-12 11:56:13,773 - Left side (${versionFieldName}) of '==' operation has null value. If it is a reference, it may not be in the context or its toString() returned null. /templates/entity.java.vm[line 72, column 26]
2018-11-12 11:56:13,773 - Left side (${logicDeleteFieldName}) of '==' operation has null value. If it is a reference, it may not be in the context or its toString() returned null. /templates/entity.java.vm[line 76, column 30]
2018-11-12 11:56:13,774 - Left side (${versionFieldName}) of '==' operation has null value. If it is a reference, it may not be in the context or its toString() returned null. /templates/entity.java.vm[line 72, column 26]
2018-11-12 11:56:13,774 - Left side (${logicDeleteFieldName}) of '==' operation has null value. If it is a reference, it may not be in the context or its toString() returned null. /templates/entity.java.vm[line 76, column 30]
2018-11-12 11:56:13,785 - ResourceManager : found /templates/mapper.java.vm with loader org.apache.velocity.runtime.resource.loader.ClasspathResourceLoader
2018-11-12 11:56:13,792 - ResourceManager : found /templates/service.java.vm with loader org.apache.velocity.runtime.resource.loader.ClasspathResourceLoader
2018-11-12 11:56:13,801 - ResourceManager : found /templates/serviceImpl.java.vm with loader org.apache.velocity.runtime.resource.loader.ClasspathResourceLoader
2018-11-12 11:56:13,808 - ResourceManager : found /templates/controller.java.vm with loader org.apache.velocity.runtime.resource.loader.ClasspathResourceLoader
2018-11-12 11:56:13,816 - ResourceManager : found /templates/mapper.xml.vm with loader org.apache.velocity.runtime.resource.loader.ClasspathResourceLoader
2018-11-12 11:56:46,290 - Log4JLogChute initialized using file 'velocity.log'
2018-11-12 11:56:46,290 - Initializing Velocity, Calling init()...
2018-11-12 11:56:46,290 - Starting Apache Velocity v1.7 (compiled: 2010-11-19 12:14:37)
2018-11-12 11:56:46,290 - Default Properties File: org\apache\velocity\runtime\defaults\velocity.properties
2018-11-12 11:56:46,290 - Trying to use logger class org.apache.velocity.runtime.log.AvalonLogChute
2018-11-12 11:56:46,290 - Target log system for org.apache.velocity.runtime.log.AvalonLogChute is not available (java.lang.NoClassDefFoundError: org/apache/log/format/Formatter).  Falling back to next log system...
2018-11-12 11:56:46,290 - Trying to use logger class org.apache.velocity.runtime.log.Log4JLogChute
2018-11-12 11:56:46,290 - Using logger class org.apache.velocity.runtime.log.Log4JLogChute
2018-11-12 11:56:46,294 - ResourceLoader instantiated: org.apache.velocity.runtime.resource.loader.ClasspathResourceLoader
2018-11-12 11:56:46,307 - ResourceCache: initialized (class org.apache.velocity.runtime.resource.ResourceCacheImpl) with class java.util.Collections$SynchronizedMap cache map.
2018-11-12 11:56:46,308 - Loaded System Directive: org.apache.velocity.runtime.directive.Stop
2018-11-12 11:56:46,309 - Loaded System Directive: org.apache.velocity.runtime.directive.Define
2018-11-12 11:56:46,310 - Loaded System Directive: org.apache.velocity.runtime.directive.Break
2018-11-12 11:56:46,311 - Loaded System Directive: org.apache.velocity.runtime.directive.Evaluate
2018-11-12 11:56:46,311 - Loaded System Directive: org.apache.velocity.runtime.directive.Literal
2018-11-12 11:56:46,312 - Loaded System Directive: org.apache.velocity.runtime.directive.Macro
2018-11-12 11:56:46,313 - Loaded System Directive: org.apache.velocity.runtime.directive.Parse
2018-11-12 11:56:46,314 - Loaded System Directive: org.apache.velocity.runtime.directive.Include
2018-11-12 11:56:46,315 - Loaded System Directive: org.apache.velocity.runtime.directive.Foreach
2018-11-12 11:56:46,342 - Created '20' parsers.
2018-11-12 11:56:46,347 - Velocimacro : "velocimacro.library" is not set.  Trying default library: VM_global_library.vm
2018-11-12 11:56:46,347 - Could not load resource 'VM_global_library.vm' from ResourceLoader org.apache.velocity.runtime.resource.loader.ClasspathResourceLoader: ClasspathResourceLoader Error: cannot find resource VM_global_library.vm
2018-11-12 11:56:46,347 - Velocimacro : Default library not found.
2018-11-12 11:56:46,347 - Velocimacro : allowInline = true : VMs can be defined inline in templates
2018-11-12 11:56:46,347 - Velocimacro : allowInlineToOverride = false : VMs defined inline may NOT replace previous VM definitions
2018-11-12 11:56:46,348 - Velocimacro : allowInlineLocal = false : VMs defined inline will be global in scope if allowed.
2018-11-12 11:56:46,348 - Velocimacro : autoload off : VM system will not automatically reload global library macros
2018-11-12 11:56:46,369 - ResourceManager : found /templates/entity.java.vm with loader org.apache.velocity.runtime.resource.loader.ClasspathResourceLoader
2018-11-12 11:56:46,380 - Left side (${versionFieldName}) of '==' operation has null value. If it is a reference, it may not be in the context or its toString() returned null. /templates/entity.java.vm[line 72, column 26]
2018-11-12 11:56:46,380 - Left side (${logicDeleteFieldName}) of '==' operation has null value. If it is a reference, it may not be in the context or its toString() returned null. /templates/entity.java.vm[line 76, column 30]
2018-11-12 11:56:46,380 - Left side (${versionFieldName}) of '==' operation has null value. If it is a reference, it may not be in the context or its toString() returned null. /templates/entity.java.vm[line 72, column 26]
2018-11-12 11:56:46,380 - Left side (${logicDeleteFieldName}) of '==' operation has null value. If it is a reference, it may not be in the context or its toString() returned null. /templates/entity.java.vm[line 76, column 30]
2018-11-12 11:56:46,397 - ResourceManager : found /templates/mapper.java.vm with loader org.apache.velocity.runtime.resource.loader.ClasspathResourceLoader
2018-11-12 11:56:46,407 - ResourceManager : found /templates/service.java.vm with loader org.apache.velocity.runtime.resource.loader.ClasspathResourceLoader
2018-11-12 11:56:46,416 - ResourceManager : found /templates/serviceImpl.java.vm with loader org.apache.velocity.runtime.resource.loader.ClasspathResourceLoader
2018-11-12 11:56:46,440 - ResourceManager : found /templates/controller.java.vm with loader org.apache.velocity.runtime.resource.loader.ClasspathResourceLoader
2018-11-12 11:56:46,455 - ResourceManager : found /templates/mapper.xml.vm with loader org.apache.velocity.runtime.resource.loader.ClasspathResourceLoader
2018-11-12 11:56:57,084 - Log4JLogChute initialized using file 'velocity.log'
2018-11-12 11:56:57,084 - Initializing Velocity, Calling init()...
2018-11-12 11:56:57,084 - Starting Apache Velocity v1.7 (compiled: 2010-11-19 12:14:37)
2018-11-12 11:56:57,084 - Default Properties File: org\apache\velocity\runtime\defaults\velocity.properties
2018-11-12 11:56:57,084 - Trying to use logger class org.apache.velocity.runtime.log.AvalonLogChute
2018-11-12 11:56:57,084 - Target log system for org.apache.velocity.runtime.log.AvalonLogChute is not available (java.lang.NoClassDefFoundError: org/apache/log/format/Formatter).  Falling back to next log system...
2018-11-12 11:56:57,084 - Trying to use logger class org.apache.velocity.runtime.log.Log4JLogChute
2018-11-12 11:56:57,084 - Using logger class org.apache.velocity.runtime.log.Log4JLogChute
2018-11-12 11:56:57,141 - ResourceLoader instantiated: org.apache.velocity.runtime.resource.loader.ClasspathResourceLoader
2018-11-12 11:56:57,157 - ResourceCache: initialized (class org.apache.velocity.runtime.resource.ResourceCacheImpl) with class java.util.Collections$SynchronizedMap cache map.
2018-11-12 11:56:57,158 - Loaded System Directive: org.apache.velocity.runtime.directive.Stop
2018-11-12 11:56:57,159 - Loaded System Directive: org.apache.velocity.runtime.directive.Define
2018-11-12 11:56:57,160 - Loaded System Directive: org.apache.velocity.runtime.directive.Break
2018-11-12 11:56:57,160 - Loaded System Directive: org.apache.velocity.runtime.directive.Evaluate
2018-11-12 11:56:57,161 - Loaded System Directive: org.apache.velocity.runtime.directive.Literal
2018-11-12 11:56:57,161 - Loaded System Directive: org.apache.velocity.runtime.directive.Macro
2018-11-12 11:56:57,163 - Loaded System Directive: org.apache.velocity.runtime.directive.Parse
2018-11-12 11:56:57,164 - Loaded System Directive: org.apache.velocity.runtime.directive.Include
2018-11-12 11:56:57,165 - Loaded System Directive: org.apache.velocity.runtime.directive.Foreach
2018-11-12 11:56:57,197 - Created '20' parsers.
2018-11-12 11:56:57,204 - Velocimacro : "velocimacro.library" is not set.  Trying default library: VM_global_library.vm
2018-11-12 11:56:57,204 - Could not load resource 'VM_global_library.vm' from ResourceLoader org.apache.velocity.runtime.resource.loader.ClasspathResourceLoader: ClasspathResourceLoader Error: cannot find resource VM_global_library.vm
2018-11-12 11:56:57,204 - Velocimacro : Default library not found.
2018-11-12 11:56:57,204 - Velocimacro : allowInline = true : VMs can be defined inline in templates
2018-11-12 11:56:57,205 - Velocimacro : allowInlineToOverride = false : VMs defined inline may NOT replace previous VM definitions
2018-11-12 11:56:57,205 - Velocimacro : allowInlineLocal = false : VMs defined inline will be global in scope if allowed.
2018-11-12 11:56:57,205 - Velocimacro : autoload off : VM system will not automatically reload global library macros
2018-11-12 11:56:57,241 - ResourceManager : found /templates/entity.java.vm with loader org.apache.velocity.runtime.resource.loader.ClasspathResourceLoader
2018-11-12 11:56:57,255 - Left side (${versionFieldName}) of '==' operation has null value. If it is a reference, it may not be in the context or its toString() returned null. /templates/entity.java.vm[line 72, column 26]
2018-11-12 11:56:57,255 - Left side (${logicDeleteFieldName}) of '==' operation has null value. If it is a reference, it may not be in the context or its toString() returned null. /templates/entity.java.vm[line 76, column 30]
2018-11-12 11:56:57,256 - Left side (${versionFieldName}) of '==' operation has null value. If it is a reference, it may not be in the context or its toString() returned null. /templates/entity.java.vm[line 72, column 26]
2018-11-12 11:56:57,256 - Left side (${logicDeleteFieldName}) of '==' operation has null value. If it is a reference, it may not be in the context or its toString() returned null. /templates/entity.java.vm[line 76, column 30]
2018-11-12 11:56:57,256 - Left side (${versionFieldName}) of '==' operation has null value. If it is a reference, it may not be in the context or its toString() returned null. /templates/entity.java.vm[line 72, column 26]
2018-11-12 11:56:57,256 - Left side (${logicDeleteFieldName}) of '==' operation has null value. If it is a reference, it may not be in the context or its toString() returned null. /templates/entity.java.vm[line 76, column 30]
2018-11-12 11:56:57,281 - ResourceManager : found /templates/mapper.java.vm with loader org.apache.velocity.runtime.resource.loader.ClasspathResourceLoader
2018-11-12 11:56:57,289 - ResourceManager : found /templates/service.java.vm with loader org.apache.velocity.runtime.resource.loader.ClasspathResourceLoader
2018-11-12 11:56:57,301 - ResourceManager : found /templates/serviceImpl.java.vm with loader org.apache.velocity.runtime.resource.loader.ClasspathResourceLoader
2018-11-12 11:56:57,332 - ResourceManager : found /templates/controller.java.vm with loader org.apache.velocity.runtime.resource.loader.ClasspathResourceLoader
2018-11-12 11:56:57,354 - ResourceManager : found /templates/mapper.xml.vm with loader org.apache.velocity.runtime.resource.loader.ClasspathResourceLoader
2018-11-12 11:57:12,764 - Log4JLogChute initialized using file 'velocity.log'
2018-11-12 11:57:12,765 - Initializing Velocity, Calling init()...
2018-11-12 11:57:12,765 - Starting Apache Velocity v1.7 (compiled: 2010-11-19 12:14:37)
2018-11-12 11:57:12,765 - Default Properties File: org\apache\velocity\runtime\defaults\velocity.properties
2018-11-12 11:57:12,765 - Trying to use logger class org.apache.velocity.runtime.log.AvalonLogChute
2018-11-12 11:57:12,765 - Target log system for org.apache.velocity.runtime.log.AvalonLogChute is not available (java.lang.NoClassDefFoundError: org/apache/log/format/Formatter).  Falling back to next log system...
2018-11-12 11:57:12,765 - Trying to use logger class org.apache.velocity.runtime.log.Log4JLogChute
2018-11-12 11:57:12,765 - Using logger class org.apache.velocity.runtime.log.Log4JLogChute
2018-11-12 11:57:12,768 - ResourceLoader instantiated: org.apache.velocity.runtime.resource.loader.ClasspathResourceLoader
2018-11-12 11:57:12,783 - ResourceCache: initialized (class org.apache.velocity.runtime.resource.ResourceCacheImpl) with class java.util.Collections$SynchronizedMap cache map.
2018-11-12 11:57:12,785 - Loaded System Directive: org.apache.velocity.runtime.directive.Stop
2018-11-12 11:57:12,786 - Loaded System Directive: org.apache.velocity.runtime.directive.Define
2018-11-12 11:57:12,787 - Loaded System Directive: org.apache.velocity.runtime.directive.Break
2018-11-12 11:57:12,787 - Loaded System Directive: org.apache.velocity.runtime.directive.Evaluate
2018-11-12 11:57:12,788 - Loaded System Directive: org.apache.velocity.runtime.directive.Literal
2018-11-12 11:57:12,789 - Loaded System Directive: org.apache.velocity.runtime.directive.Macro
2018-11-12 11:57:12,790 - Loaded System Directive: org.apache.velocity.runtime.directive.Parse
2018-11-12 11:57:12,791 - Loaded System Directive: org.apache.velocity.runtime.directive.Include
2018-11-12 11:57:12,792 - Loaded System Directive: org.apache.velocity.runtime.directive.Foreach
2018-11-12 11:57:12,821 - Created '20' parsers.
2018-11-12 11:57:12,825 - Velocimacro : "velocimacro.library" is not set.  Trying default library: VM_global_library.vm
2018-11-12 11:57:12,826 - Could not load resource 'VM_global_library.vm' from ResourceLoader org.apache.velocity.runtime.resource.loader.ClasspathResourceLoader: ClasspathResourceLoader Error: cannot find resource VM_global_library.vm
2018-11-12 11:57:12,827 - Velocimacro : Default library not found.
2018-11-12 11:57:12,827 - Velocimacro : allowInline = true : VMs can be defined inline in templates
2018-11-12 11:57:12,827 - Velocimacro : allowInlineToOverride = false : VMs defined inline may NOT replace previous VM definitions
2018-11-12 11:57:12,827 - Velocimacro : allowInlineLocal = false : VMs defined inline will be global in scope if allowed.
2018-11-12 11:57:12,827 - Velocimacro : autoload off : VM system will not automatically reload global library macros
2018-11-12 11:57:12,849 - ResourceManager : found /templates/entity.java.vm with loader org.apache.velocity.runtime.resource.loader.ClasspathResourceLoader
2018-11-12 11:57:12,861 - Left side (${versionFieldName}) of '==' operation has null value. If it is a reference, it may not be in the context or its toString() returned null. /templates/entity.java.vm[line 72, column 26]
2018-11-12 11:57:12,861 - Left side (${logicDeleteFieldName}) of '==' operation has null value. If it is a reference, it may not be in the context or its toString() returned null. /templates/entity.java.vm[line 76, column 30]
2018-11-12 11:57:12,862 - Left side (${versionFieldName}) of '==' operation has null value. If it is a reference, it may not be in the context or its toString() returned null. /templates/entity.java.vm[line 72, column 26]
2018-11-12 11:57:12,862 - Left side (${logicDeleteFieldName}) of '==' operation has null value. If it is a reference, it may not be in the context or its toString() returned null. /templates/entity.java.vm[line 76, column 30]
2018-11-12 11:57:12,862 - Left side (${versionFieldName}) of '==' operation has null value. If it is a reference, it may not be in the context or its toString() returned null. /templates/entity.java.vm[line 72, column 26]
2018-11-12 11:57:12,862 - Left side (${logicDeleteFieldName}) of '==' operation has null value. If it is a reference, it may not be in the context or its toString() returned null. /templates/entity.java.vm[line 76, column 30]
2018-11-12 11:57:12,882 - ResourceManager : found /templates/mapper.java.vm with loader org.apache.velocity.runtime.resource.loader.ClasspathResourceLoader
2018-11-12 11:57:12,978 - ResourceManager : found /templates/service.java.vm with loader org.apache.velocity.runtime.resource.loader.ClasspathResourceLoader
2018-11-12 11:57:12,991 - ResourceManager : found /templates/serviceImpl.java.vm with loader org.apache.velocity.runtime.resource.loader.ClasspathResourceLoader
2018-11-12 11:57:13,009 - ResourceManager : found /templates/controller.java.vm with loader org.apache.velocity.runtime.resource.loader.ClasspathResourceLoader
2018-11-12 11:57:13,028 - ResourceManager : found /templates/mapper.xml.vm with loader org.apache.velocity.runtime.resource.loader.ClasspathResourceLoader
